[0.012s] Invoking command in '/home/li/Time_various/build/tvfgo': AMENT_PREFIX_PATH=/home/li/Time_various/install/irt_nav_msgs:/home/li/Time_various/install/boreas_msgs:${AMENT_PREFIX_PATH} CMAKE_PREFIX_PATH=/home/li/Time_various/install/irt_nav_msgs:/home/li/Time_various/install/boreas_msgs CONDA_PROMPT_MODIFIER=(base) LD_LIBRARY_PATH=/home/li/Time_various/install/irt_nav_msgs/lib:/home/li/Time_various/install/boreas_msgs/lib:${LD_LIBRARY_PATH} PYTHONPATH=/home/li/Time_various/install/irt_nav_msgs/lib/python3.13/site-packages:/home/li/Time_various/install/boreas_msgs/lib/python3.13/site-packages:${PYTHONPATH} /usr/bin/cmake --build /home/li/Time_various/build/tvfgo -- -j20 -l20
[0.037s] -- Found Boost: /usr/lib/x86_64-linux-gnu/cmake/Boost-1.74.0/BoostConfig.cmake (found suitable version "1.74.0", minimum required is "1.68.0") found components: date_time 
[0.038s] -- Found NumCpp: /usr/local/include (found version 2.14.2)
[0.038s] -- Found ament_cmake: 1.3.12 (/opt/ros/humble/share/ament_cmake/cmake)
[0.150s] -- Found rclcpp: 16.0.14 (/opt/ros/humble/share/rclcpp/cmake)
[0.168s] -- Found rosidl_generator_c: 3.1.7 (/opt/ros/humble/share/rosidl_generator_c/cmake)
[0.170s] -- Found rosidl_adapter: 3.1.7 (/opt/ros/humble/share/rosidl_adapter/cmake)
[0.174s] -- Found rosidl_generator_cpp: 3.1.7 (/opt/ros/humble/share/rosidl_generator_cpp/cmake)
[0.180s] -- Using all available rosidl_typesupport_c: rosidl_typesupport_fastrtps_c;rosidl_typesupport_introspection_c
[0.188s] -- Using all available rosidl_typesupport_cpp: rosidl_typesupport_fastrtps_cpp;rosidl_typesupport_introspection_cpp
[0.213s] -- Found rmw_implementation_cmake: 6.1.2 (/opt/ros/humble/share/rmw_implementation_cmake/cmake)
[0.213s] -- Found rmw_fastrtps_cpp: 6.2.8 (/opt/ros/humble/share/rmw_fastrtps_cpp/cmake)
[0.289s] -- Using RMW implementation 'rmw_fastrtps_cpp' as default
[0.333s] -- Found rclcpp_components: 16.0.14 (/opt/ros/humble/share/rclcpp_components/cmake)
[0.345s] -- Found rclcpp_lifecycle: 16.0.14 (/opt/ros/humble/share/rclcpp_lifecycle/cmake)
[0.356s] -- Found yaml_cpp_vendor: 8.0.2 (/opt/ros/humble/share/yaml_cpp_vendor/cmake)
[0.356s] -- Found rosidl_default_generators: 1.2.0 (/opt/ros/humble/share/rosidl_default_generators/cmake)
[0.361s] -- Found message_filters: 4.3.8 (/opt/ros/humble/share/message_filters/cmake)
[0.362s] -- Found pluginlib: 5.1.0 (/opt/ros/humble/share/pluginlib/cmake)
[0.371s] -- Found tf2: 0.25.16 (/opt/ros/humble/share/tf2/cmake)
[0.381s] -- Found tf2_eigen: 0.25.16 (/opt/ros/humble/share/tf2_eigen/cmake)
[0.423s] -- Found visualization_msgs: 4.9.0 (/opt/ros/humble/share/visualization_msgs/cmake)
[0.458s] -- Eigen found (include: /usr/include/eigen3, version: 3.4.0)
[0.467s] -- Found Boost: /usr/lib/x86_64-linux-gnu/cmake/Boost-1.74.0/BoostConfig.cmake (found suitable version "1.74.0", minimum required is "1.65.0") found components: system filesystem date_time iostreams serialization 
[0.482s] -- FLANN found (include: /usr/include, lib: /usr/lib/x86_64-linux-gnu/libflann_cpp.so)
[0.622s] -- Found Eigen3: /usr/include/eigen3 (found version "3.4.0") 
[0.706s] -- OpenNI found (version: 1.5.4.0, include: /usr/include/ni, lib: /usr/lib/libOpenNI.so;libusb::libusb)
[0.710s] [0m** WARNING ** io features related to pcap will be disabled[0m
[0.710s] -- OpenNI2 found (version: 2.2.0.33, include: /usr/include/openni2, lib: /usr/lib/x86_64-linux-gnu/libOpenNI2.so;libusb::libusb)
[0.822s] -- Eigen found (include: /usr/include/eigen3, version: 3.4.0)
[0.827s] -- OpenNI found (version: 1.5.4.0, include: /usr/include/ni, lib: /usr/lib/libOpenNI.so;libusb::libusb)
[0.833s] -- OpenNI2 found (version: 2.2.0.33, include: /usr/include/openni2, lib: /usr/lib/x86_64-linux-gnu/libOpenNI2.so;libusb::libusb)
[0.939s] -- Found Qhull version 8.0.2
[1.055s] -- OpenNI found (version: 1.5.4.0, include: /usr/include/ni, lib: /usr/lib/libOpenNI.so;libusb::libusb)
[1.166s] -- looking for PCL_COMMON
[1.166s] -- looking for PCL_KDTREE
[1.166s] -- looking for PCL_OCTREE
[1.166s] -- looking for PCL_SEARCH
[1.167s] -- looking for PCL_SAMPLE_CONSENSUS
[1.167s] -- looking for PCL_FILTERS
[1.167s] -- looking for PCL_2D
[1.167s] -- looking for PCL_GEOMETRY
[1.167s] -- looking for PCL_IO
[1.168s] -- looking for PCL_FEATURES
[1.168s] -- looking for PCL_ML
[1.168s] -- looking for PCL_SEGMENTATION
[1.168s] -- looking for PCL_VISUALIZATION
[1.169s] -- looking for PCL_SURFACE
[1.169s] -- looking for PCL_REGISTRATION
[1.169s] -- looking for PCL_KEYPOINTS
[1.169s] -- looking for PCL_TRACKING
[1.170s] -- looking for PCL_RECOGNITION
[1.170s] -- looking for PCL_STEREO
[1.170s] -- looking for PCL_APPS
[1.171s] -- looking for PCL_IN_HAND_SCANNER
[1.171s] -- looking for PCL_MODELER
[1.171s] -- looking for PCL_POINT_CLOUD_EDITOR
[1.171s] -- looking for PCL_OUTOFCORE
[1.172s] -- looking for PCL_PEOPLE
[1.173s] -- Found keyboard_handler: 0.0.5 (/opt/ros/humble/share/keyboard_handler/cmake)
[1.174s] -- Found pcl_conversions: 2.4.5 (/opt/ros/humble/share/pcl_conversions/cmake)
[1.188s] -- Found nav_msgs: 4.9.0 (/opt/ros/humble/share/nav_msgs/cmake)
[1.198s] -- Found irt_nav_msgs: 0.0.0 (/home/li/Time_various/install/irt_nav_msgs/share/irt_nav_msgs/cmake)
[1.202s] -- Found eigen3_cmake_module: 0.1.1 (/opt/ros/humble/share/eigen3_cmake_module/cmake)
[1.203s] -- Found Eigen3: TRUE (found version "3.4.0") 
[1.204s] -- Ensuring Eigen3 include directory is part of orocos-kdl CMake target
[1.214s] -- Found tf2_sensor_msgs: 0.25.16 (/opt/ros/humble/share/tf2_sensor_msgs/cmake)
[1.218s] -- Found boreas_msgs: 0.0.0 (/home/li/Time_various/install/boreas_msgs/share/boreas_msgs/cmake)
[1.229s] -- Found ament_lint_auto: 0.12.14 (/opt/ros/humble/share/ament_lint_auto/cmake)
[1.281s] Error parsing '/home/li/Time_various/src/timevariousFGO/TVFGO/package.xml':
[1.281s] Traceback (most recent call last):
[1.281s]   File "/opt/ros/humble/share/ament_cmake_core/cmake/core/package_xml_2_cmake.py", line 150, in <module>
[1.281s]     main()
[1.281s]     ~~~~^^
[1.281s]   File "/opt/ros/humble/share/ament_cmake_core/cmake/core/package_xml_2_cmake.py", line 53, in main
[1.282s]     raise e
[1.282s]   File "/opt/ros/humble/share/ament_cmake_core/cmake/core/package_xml_2_cmake.py", line 49, in main
[1.282s]     package = parse_package_string(
[1.282s]         args.package_xml.read(), filename=args.package_xml.name)
[1.282s]   File "/home/li/miniconda3/lib/python3.13/site-packages/catkin_pkg/package.py", line 786, in parse_package_string
[1.282s]     raise InvalidPackage('Error(s):%s' % (''.join(['\n- %s' % e for e in errors])), filename)
[1.282s] catkin_pkg.package.InvalidPackage: Error(s) in package '/home/li/Time_various/src/timevariousFGO/TVFGO/package.xml':
[1.282s] Error(s):
[1.282s] - The generic dependency on 'std_msgs' is redundant with: build_depend, build_export_depend, exec_depend
[1.290s] [31mCMake Error at /opt/ros/humble/share/ament_cmake_core/cmake/core/ament_package_xml.cmake:95 (message):
[1.290s]   execute_process(/home/li/miniconda3/bin/python3
[1.290s]   /opt/ros/humble/share/ament_cmake_core/cmake/core/package_xml_2_cmake.py
[1.290s]   /home/li/Time_various/src/timevariousFGO/TVFGO/package.xml
[1.290s]   /home/li/Time_various/build/tvfgo/ament_cmake_core/package.cmake) returned
[1.290s]   error code 1
[1.290s] Call Stack (most recent call first):
[1.291s]   /opt/ros/humble/share/ament_cmake_core/cmake/core/ament_package_xml.cmake:49 (_ament_package_xml)
[1.291s]   /opt/ros/humble/share/ament_lint_auto/cmake/ament_lint_auto_find_test_dependencies.cmake:31 (ament_package_xml)
[1.291s]   CMakeLists.txt:67 (ament_lint_auto_find_test_dependencies)
[1.291s] 
[1.291s] [0m
[1.291s] -- Configuring incomplete, errors occurred!
[1.291s] See also "/home/li/Time_various/build/tvfgo/CMakeFiles/CMakeOutput.log".
[1.305s] gmake: *** [Makefile:226: cmake_check_build_system] Error 1
[1.306s] Invoked command in '/home/li/Time_various/build/tvfgo' returned '2': AMENT_PREFIX_PATH=/home/li/Time_various/install/irt_nav_msgs:/home/li/Time_various/install/boreas_msgs:${AMENT_PREFIX_PATH} CMAKE_PREFIX_PATH=/home/li/Time_various/install/irt_nav_msgs:/home/li/Time_various/install/boreas_msgs CONDA_PROMPT_MODIFIER=(base) LD_LIBRARY_PATH=/home/li/Time_various/install/irt_nav_msgs/lib:/home/li/Time_various/install/boreas_msgs/lib:${LD_LIBRARY_PATH} PYTHONPATH=/home/li/Time_various/install/irt_nav_msgs/lib/python3.13/site-packages:/home/li/Time_various/install/boreas_msgs/lib/python3.13/site-packages:${PYTHONPATH} /usr/bin/cmake --build /home/li/Time_various/build/tvfgo -- -j20 -l20
