Traceback (most recent call last):
  File [35m"/opt/ros/humble/share/rosidl_generator_c/cmake/../../../lib/rosidl_generator_c/rosidl_generator_c"[0m, line [35m8[0m, in [35m<module>[0m
    from rosidl_generator_c import generate_c
  File [35m"/opt/ros/humble/local/lib/python3.10/dist-packages/rosidl_generator_c/__init__.py"[0m, line [35m15[0m, in [35m<module>[0m
    from rosidl_cmake import convert_camel_case_to_lower_case_underscore
  File [35m"/opt/ros/humble/local/lib/python3.10/dist-packages/rosidl_cmake/__init__.py"[0m, line [35m24[0m, in [35m<module>[0m
    from rosidl_parser.parser import parse_idl_file
  File [35m"/opt/ros/humble/local/lib/python3.10/dist-packages/rosidl_parser/parser.py"[0m, line [35m20[0m, in [35m<module>[0m
    from lark import Lark
[1;35mModuleNotFoundError[0m: [35mNo module named 'lark'[0m
gmake[2]: *** [CMakeFiles/irt_nav_msgs__rosidl_generator_c.dir/build.make:199: rosidl_generator_c/irt_nav_msgs/msg/microstrain.h] Error 1
gmake[1]: *** [CMakeFiles/Makefile2:212: CMakeFiles/irt_nav_msgs__rosidl_generator_c.dir/all] Error 2
gmake[1]: *** Waiting for unfinished jobs....
Traceback (most recent call last):
  File [35m"/opt/ros/humble/share/rosidl_generator_cpp/cmake/../../../lib/rosidl_generator_cpp/rosidl_generator_cpp"[0m, line [35m8[0m, in [35m<module>[0m
    from rosidl_generator_cpp import generate_cpp
  File [35m"/opt/ros/humble/local/lib/python3.10/dist-packages/rosidl_generator_cpp/__init__.py"[0m, line [35m17[0m, in [35m<module>[0m
    from rosidl_cmake import generate_files
  File [35m"/opt/ros/humble/local/lib/python3.10/dist-packages/rosidl_cmake/__init__.py"[0m, line [35m24[0m, in [35m<module>[0m
    from rosidl_parser.parser import parse_idl_file
  File [35m"/opt/ros/humble/local/lib/python3.10/dist-packages/rosidl_parser/parser.py"[0m, line [35m20[0m, in [35m<module>[0m
    from lark import Lark
[1;35mModuleNotFoundError[0m: [35mNo module named 'lark'[0m
gmake[2]: *** [CMakeFiles/irt_nav_msgs__cpp.dir/build.make:395: rosidl_generator_cpp/irt_nav_msgs/msg/microstrain.hpp] Error 1
gmake[1]: *** [CMakeFiles/Makefile2:265: CMakeFiles/irt_nav_msgs__cpp.dir/all] Error 2
gmake: *** [Makefile:146: all] Error 2
