[0.008s] Invoking command in '/home/li/Time_various/build/irt_nav_msgs': CMAKE_PREFIX_PATH=/opt/ros/humble CONDA_PROMPT_MODIFIER=(base) /usr/bin/cmake /home/li/Time_various/src/timevariousFGO/irt_nav_common/irt_nav_msgs -DCMAKE_INSTALL_PREFIX=/home/li/Time_various/install/irt_nav_msgs
[0.085s] -- The C compiler identification is GNU 12.3.0
[0.153s] -- The CXX compiler identification is GNU 12.3.0
[0.159s] -- Detecting C compiler ABI info
[0.217s] -- Detecting C compiler ABI info - done
[0.233s] -- Check for working C compiler: /usr/bin/cc - skipped
[0.234s] -- Detecting C compile features
[0.235s] -- Detecting C compile features - done
[0.238s] -- Detecting CXX compiler ABI info
[0.306s] -- Detecting CXX compiler ABI info - done
[0.311s] -- Check for working CXX compiler: /usr/bin/g++ - skipped
[0.312s] -- Detecting CXX compile features
[0.312s] -- Detecting CXX compile features - done
[0.314s] -- Found ament_cmake: 1.3.12 (/opt/ros/humble/share/ament_cmake/cmake)
[0.608s] -- Found Python3: /home/li/miniconda3/bin/python3 (found version "3.13.5") found components: Interpreter 
[0.688s] -- Found std_msgs: 4.9.0 (/opt/ros/humble/share/std_msgs/cmake)
[0.708s] -- Found rosidl_generator_c: 3.1.7 (/opt/ros/humble/share/rosidl_generator_c/cmake)
[0.710s] -- Found rosidl_adapter: 3.1.7 (/opt/ros/humble/share/rosidl_adapter/cmake)
[0.717s] -- Found rosidl_generator_cpp: 3.1.7 (/opt/ros/humble/share/rosidl_generator_cpp/cmake)
[0.726s] -- Using all available rosidl_typesupport_c: rosidl_typesupport_fastrtps_c;rosidl_typesupport_introspection_c
[0.735s] -- Using all available rosidl_typesupport_cpp: rosidl_typesupport_fastrtps_cpp;rosidl_typesupport_introspection_cpp
[0.752s] -- Found geometry_msgs: 4.9.0 (/opt/ros/humble/share/geometry_msgs/cmake)
[0.761s] -- Found sensor_msgs: 4.9.0 (/opt/ros/humble/share/sensor_msgs/cmake)
[0.773s] -- Found nav_msgs: 4.9.0 (/opt/ros/humble/share/nav_msgs/cmake)
[0.790s] -- Found tf2_geometry_msgs: 0.25.16 (/opt/ros/humble/share/tf2_geometry_msgs/cmake)
[0.795s] -- Found eigen3_cmake_module: 0.1.1 (/opt/ros/humble/share/eigen3_cmake_module/cmake)
[0.796s] -- Found Eigen3: TRUE (found version "3.4.0") 
[0.796s] -- Ensuring Eigen3 include directory is part of orocos-kdl CMake target
[0.853s] -- Found rmw_implementation_cmake: 6.1.2 (/opt/ros/humble/share/rmw_implementation_cmake/cmake)
[0.855s] -- Found rmw_fastrtps_cpp: 6.2.8 (/opt/ros/humble/share/rmw_fastrtps_cpp/cmake)
[0.925s] -- Found OpenSSL: /usr/lib/x86_64-linux-gnu/libcrypto.so (found version "3.0.2")  
[0.947s] -- Found FastRTPS: /opt/ros/humble/include  
[0.975s] -- Using RMW implementation 'rmw_fastrtps_cpp' as default
[0.980s] -- Looking for pthread.h
[1.049s] -- Looking for pthread.h - found
[1.049s] -- Performing Test CMAKE_HAVE_LIBC_PTHREAD
[1.112s] -- Performing Test CMAKE_HAVE_LIBC_PTHREAD - Success
[1.115s] -- Found Threads: TRUE  
[1.188s] -- Found rosidl_default_generators: 1.2.0 (/opt/ros/humble/share/rosidl_default_generators/cmake)
[1.606s] -- Found ament_cmake_ros: 0.10.0 (/opt/ros/humble/share/ament_cmake_ros/cmake)
[1.989s] -- Using all available rosidl_typesupport_c: rosidl_typesupport_fastrtps_c;rosidl_typesupport_introspection_c
[2.135s] -- Using all available rosidl_typesupport_cpp: rosidl_typesupport_fastrtps_cpp;rosidl_typesupport_introspection_cpp
[2.153s] -- Found PythonInterp: /home/li/miniconda3/bin/python3 (found suitable version "3.13.5", minimum required is "3.6") 
[2.155s] -- Found python_cmake_module: 0.10.0 (/opt/ros/humble/share/python_cmake_module/cmake)
[2.175s] -- Found PythonLibs: /home/li/miniconda3/lib/libpython3.13.so (found suitable version "3.13.5", minimum required is "3.5") 
[2.175s] -- Using PYTHON_EXECUTABLE: /home/li/miniconda3/bin/python3
[2.175s] -- Using PYTHON_INCLUDE_DIRS: /home/li/miniconda3/include/python3.13
[2.175s] -- Using PYTHON_LIBRARIES: /home/li/miniconda3/lib/libpython3.13.so
[2.196s] -- Found PythonExtra: .so  
[2.403s] -- Using numpy include directory: /home/li/miniconda3/lib/python3.13/site-packages/numpy/_core/include
[2.412s] -- Found ament_lint_auto: 0.12.14 (/opt/ros/humble/share/ament_lint_auto/cmake)
[2.429s] -- Added test 'copyright' to check source files copyright and LICENSE
[2.431s] -- Added test 'lint_cmake' to check CMake code style
[2.432s] -- Added test 'xmllint' to check XML markup files
[2.433s] -- Configuring done
[2.496s] -- Generating done
[2.507s] -- Build files have been written to: /home/li/Time_various/build/irt_nav_msgs
[2.517s] Invoked command in '/home/li/Time_various/build/irt_nav_msgs' returned '0': CMAKE_PREFIX_PATH=/opt/ros/humble CONDA_PROMPT_MODIFIER=(base) /usr/bin/cmake /home/li/Time_various/src/timevariousFGO/irt_nav_common/irt_nav_msgs -DCMAKE_INSTALL_PREFIX=/home/li/Time_various/install/irt_nav_msgs
[2.518s] Invoking command in '/home/li/Time_various/build/irt_nav_msgs': CMAKE_PREFIX_PATH=/opt/ros/humble CONDA_PROMPT_MODIFIER=(base) /usr/bin/cmake --build /home/li/Time_various/build/irt_nav_msgs -- -j20 -l20
[2.573s] [  0%] [34m[1mGenerating C code for ROS interfaces[0m
[2.591s] [  0%] [34m[1mGenerating C++ code for ROS interfaces[0m
[2.593s] [  0%] Built target ament_cmake_python_copy_irt_nav_msgs
[2.638s] Traceback (most recent call last):
[2.638s]   File [35m"/opt/ros/humble/share/rosidl_generator_c/cmake/../../../lib/rosidl_generator_c/rosidl_generator_c"[0m, line [35m8[0m, in [35m<module>[0m
[2.638s]     from rosidl_generator_c import generate_c
[2.638s]   File [35m"/opt/ros/humble/local/lib/python3.10/dist-packages/rosidl_generator_c/__init__.py"[0m, line [35m15[0m, in [35m<module>[0m
[2.638s]     from rosidl_cmake import convert_camel_case_to_lower_case_underscore
[2.638s]   File [35m"/opt/ros/humble/local/lib/python3.10/dist-packages/rosidl_cmake/__init__.py"[0m, line [35m24[0m, in [35m<module>[0m
[2.638s]     from rosidl_parser.parser import parse_idl_file
[2.638s]   File [35m"/opt/ros/humble/local/lib/python3.10/dist-packages/rosidl_parser/parser.py"[0m, line [35m20[0m, in [35m<module>[0m
[2.638s]     from lark import Lark
[2.638s] [1;35mModuleNotFoundError[0m: [35mNo module named 'lark'[0m
[2.644s] gmake[2]: *** [CMakeFiles/irt_nav_msgs__rosidl_generator_c.dir/build.make:199: rosidl_generator_c/irt_nav_msgs/msg/microstrain.h] Error 1
[2.645s] gmake[1]: *** [CMakeFiles/Makefile2:212: CMakeFiles/irt_nav_msgs__rosidl_generator_c.dir/all] Error 2
[2.645s] gmake[1]: *** Waiting for unfinished jobs....
[2.646s] Traceback (most recent call last):
[2.646s]   File [35m"/opt/ros/humble/share/rosidl_generator_cpp/cmake/../../../lib/rosidl_generator_cpp/rosidl_generator_cpp"[0m, line [35m8[0m, in [35m<module>[0m
[2.646s]     from rosidl_generator_cpp import generate_cpp
[2.646s]   File [35m"/opt/ros/humble/local/lib/python3.10/dist-packages/rosidl_generator_cpp/__init__.py"[0m, line [35m17[0m, in [35m<module>[0m
[2.646s]     from rosidl_cmake import generate_files
[2.646s]   File [35m"/opt/ros/humble/local/lib/python3.10/dist-packages/rosidl_cmake/__init__.py"[0m, line [35m24[0m, in [35m<module>[0m
[2.646s]     from rosidl_parser.parser import parse_idl_file
[2.647s]   File [35m"/opt/ros/humble/local/lib/python3.10/dist-packages/rosidl_parser/parser.py"[0m, line [35m20[0m, in [35m<module>[0m
[2.647s]     from lark import Lark
[2.647s] [1;35mModuleNotFoundError[0m: [35mNo module named 'lark'[0m
[2.654s] gmake[2]: *** [CMakeFiles/irt_nav_msgs__cpp.dir/build.make:395: rosidl_generator_cpp/irt_nav_msgs/msg/microstrain.hpp] Error 1
[2.654s] gmake[1]: *** [CMakeFiles/Makefile2:265: CMakeFiles/irt_nav_msgs__cpp.dir/all] Error 2
[2.764s] running egg_info
[2.772s] creating irt_nav_msgs.egg-info
[2.773s] writing irt_nav_msgs.egg-info/PKG-INFO
[2.773s] writing dependency_links to irt_nav_msgs.egg-info/dependency_links.txt
[2.773s] writing top-level names to irt_nav_msgs.egg-info/top_level.txt
[2.773s] writing manifest file 'irt_nav_msgs.egg-info/SOURCES.txt'
[2.795s] reading manifest file 'irt_nav_msgs.egg-info/SOURCES.txt'
[2.796s] writing manifest file 'irt_nav_msgs.egg-info/SOURCES.txt'
[2.818s] [  0%] Built target ament_cmake_python_build_irt_nav_msgs_egg
[2.819s] gmake: *** [Makefile:146: all] Error 2
[2.820s] Invoked command in '/home/li/Time_various/build/irt_nav_msgs' returned '2': CMAKE_PREFIX_PATH=/opt/ros/humble CONDA_PROMPT_MODIFIER=(base) /usr/bin/cmake --build /home/li/Time_various/build/irt_nav_msgs -- -j20 -l20
